<?xml version="1.0" encoding="UTF-8"?>
<!-- Generated by org.testng.reporters.JUnitReportReporter -->
<testsuite hostname="rimas-mbp.lan" failures="0" tests="1" name="com.bit.test.smoketest" time="0.002" errors="0" timestamp="2022-02-15T19:43:13 EST" skipped="0">
  <testcase classname="com.bit.test.smoketest" name="test1" time="0.002"/>
  <system-out/>
</testsuite> <!-- com.bit.test.smoketest -->
