<?xml version="1.0" encoding="UTF-8"?>
<!-- Generated by org.testng.reporters.JUnitReportReporter -->
<testsuite hostname="rimas-mbp.lan" failures="0" tests="2" name="com.bit.test.Regresiontest" time="0.022" errors="0" timestamp="2022-02-15T19:43:13 EST" skipped="0">
  <testcase classname="com.bit.test.Regresiontest" name="test3" time="0.006"/>
  <system-out/>
  <testcase classname="com.bit.test.Regresiontest" name="test2" time="0.016"/>
  <system-out/>
</testsuite> <!-- com.bit.test.Regresiontest -->
